<?xml version="1.0" encoding="UTF-8"?>
<testng-results ignored="0" total="1" passed="1" failed="0" skipped="0">
  <reporter-output>
  </reporter-output>
  <suite started-at="2025-08-14T18:56:28 IST" name="Surefire suite" finished-at="2025-08-14T18:56:33 IST" duration-ms="4654">
    <groups>
    </groups>
    <test started-at="2025-08-14T18:56:28 IST" name="Surefire test" finished-at="2025-08-14T18:56:33 IST" duration-ms="4654">
      <class name="com.tests.HomePageTest">
        <test-method is-config="true" signature="setUp()[pri:0, instance:com.tests.HomePageTest@2f17e30d]" started-at="2025-08-14T18:56:28 IST" name="setUp" finished-at="2025-08-14T18:56:31 IST" duration-ms="2796" status="PASS">
          <reporter-output>
          </reporter-output>
        </test-method> <!-- setUp -->
        <test-method signature="verifyGoogleHomePageTitle()[pri:0, instance:com.tests.HomePageTest@2f17e30d]" started-at="2025-08-14T18:56:31 IST" name="verifyGoogleHomePageTitle" finished-at="2025-08-14T18:56:33 IST" duration-ms="1744" status="PASS">
          <reporter-output>
          </reporter-output>
        </test-method> <!-- verifyGoogleHomePageTitle -->
        <test-method is-config="true" signature="tearDown()[pri:0, instance:com.tests.HomePageTest@2f17e30d]" started-at="2025-08-14T18:56:33 IST" name="tearDown" finished-at="2025-08-14T18:56:33 IST" duration-ms="94" status="PASS">
          <reporter-output>
          </reporter-output>
        </test-method> <!-- tearDown -->
      </class> <!-- com.tests.HomePageTest -->
    </test> <!-- Surefire test -->
  </suite> <!-- Surefire suite -->
</testng-results>
